  PID   TID COMMAND
23722 23722 java
23722 23724 java
23722 23727 GC Thread#0
23722 23728 GC Thread#1
23722 23729 G1 Main Marker
23722 23730 G1 Conc#0
23722 23731 G1 Refine#0
23722 23732 G1 Refine#1
23722 23733 G1 Young RemSet
23722 23734 VM Thread
23722 23735 Reference Handl
23722 23736 Finalizer
23722 23737 Signal Dispatch
23722 23738 C2 CompilerThre
23722 23739 C1 CompilerThre
23722 23740 Sweeper thread
23722 23741 Service Thread
23722 23742 Common-Cleaner
23722 23743 VM Periodic Tas
23722 23746 XNIO-1 I/O-1
23722 23747 XNIO-1 Accept
23722 23748 metrics-graphit
23722 23749 Thread-1
23722 23750 SimplePauseDete
23722 23751 Thread-3
23722 23752 SimplePauseDete
23722 23753 cluster-Cluster
23722 23754 Thread-5
23722 23755 Thread-6
23722 23756 Thread-7
23722 23758 Thread-8
23722 23759 cluster-Cluster
23722 23760 CleanCursors-1-
23722 23762 XNIO-2 I/O-1
23722 23763 XNIO-2 I/O-2
23722 23764 XNIO-2 Accept
23722 23769 XNIO-2 task-1
23722 23770 XNIO-2 task-2
23722 23771 XNIO-2 task-3
23722 23772 XNIO-2 task-4
23722 23773 XNIO-2 task-5
23722 23774 XNIO-2 task-6
23722 23775 XNIO-2 task-7
23722 23776 XNIO-2 task-8
23722 23777 XNIO-2 task-9
23722 23778 XNIO-2 task-10
23722 23779 pool-2-thread-1
23722 23780 pool-2-thread-1
23722 23781 pool-2-thread-9
23722 23782 pool-2-thread-8
23722 23783 pool-2-thread-7
23722 23784 pool-2-thread-6
23722 23785 pool-2-thread-5
23722 23786 pool-2-thread-4
23722 23787 pool-2-thread-3
23722 23788 pool-2-thread-2
23722 23789 pool-4-thread-1
23722 23790 pool-3-thread-1
23722 23791 pool-4-thread-1
23722 23792 pool-4-thread-9
23722 23793 pool-3-thread-2
23722 23794 pool-4-thread-8
23722 23795 pool-3-thread-3
23722 23796 pool-4-thread-7
23722 23797 pool-3-thread-4
23722 23798 pool-4-thread-6
23722 23799 pool-3-thread-5
23722 23800 pool-4-thread-5
23722 23801 pool-3-thread-6
23722 23802 pool-4-thread-4
23722 23803 pool-3-thread-7
23722 23804 pool-4-thread-3
23722 23805 pool-3-thread-8
23722 23806 pool-4-thread-2
23722 23807 pool-3-thread-9
23722 23808 pool-3-thread-1
23722 23809 Thread-10
23722 23810 SimplePauseDete
23722 23821 XNIO-2 task-11
23722 23822 XNIO-2 task-12
23722 23823 XNIO-2 task-14
23722 23824 XNIO-2 task-13
23722 23825 XNIO-2 task-16
23722 23826 XNIO-2 task-15
23722 23827 pool-2-thread-1
23722 23828 pool-2-thread-2
23722 23829 pool-2-thread-1
23722 23830 pool-2-thread-1
23722 23831 pool-2-thread-1
23722 23832 pool-2-thread-1
23722 23833 pool-2-thread-1
23722 23834 pool-2-thread-1
23722 23835 pool-4-thread-1
23722 23836 pool-3-thread-1
23722 23837 pool-2-thread-1
23722 23838 pool-2-thread-1
23722 23839 pool-4-thread-2
23722 23840 pool-3-thread-1
23722 23841 pool-4-thread-1
23722 23842 pool-4-thread-1
23722 23843 pool-4-thread-1
23722 23844 pool-3-thread-1
23722 23845 pool-4-thread-1
23722 23846 pool-3-thread-1
23722 23847 pool-4-thread-1
23722 23848 pool-3-thread-1
23722 23849 pool-4-thread-1
23722 23850 pool-4-thread-1
23722 23851 pool-3-thread-1
23722 23852 pool-4-thread-1
23722 23853 pool-3-thread-1
23722 23854 pool-3-thread-1
23722 23855 pool-3-thread-2
23722 23856 pool-3-thread-1
23722 23895 Attach Listener
