[0.002s][info][os,thread] Capturing initial stack in user thread: req. size: 1024K, actual size: 1024K, top=0x00007fff848f2000, bottom=0x00007fff847f2000
[0.002s][info][os,thread] Thread attached (tid: 23724, pthread id: 139650187884288).
[0.018s][info][os,thread] Thread started (pthread id: 139650126874368, attributes: stacksize: 1024k, guardsize: 4k, detached). 
[0.019s][info][os,thread] Thread is alive (tid: 23727, pthread id: 139650126874368).
[0.019s][info][os,thread] Thread started (pthread id: 139650125821696, attributes: stacksize: 1024k, guardsize: 4k, detached). 
[0.019s][info][os,thread] Thread is alive (tid: 23728, pthread id: 139650125821696).
[0.019s][info][os,thread] Thread started (pthread id: 139649595184896, attributes: stacksize: 1024k, guardsize: 4k, detached). 
[0.019s][info][os,thread] Thread is alive (tid: 23729, pthread id: 139649595184896).
[0.019s][info][os,thread] Thread started (pthread id: 139649594132224, attributes: stacksize: 1024k, guardsize: 4k, detached). 
[0.019s][info][os,thread] Thread is alive (tid: 23730, pthread id: 139649594132224).
[0.022s][info][os,thread] Thread started (pthread id: 139649590974208, attributes: stacksize: 1024k, guardsize: 4k, detached). 
[0.022s][info][os,thread] Thread is alive (tid: 23731, pthread id: 139649590974208).
[0.022s][info][os,thread] Thread started (pthread id: 139649589921536, attributes: stacksize: 1024k, guardsize: 4k, detached). 
[0.022s][info][os,thread] Thread is alive (tid: 23732, pthread id: 139649589921536).
[0.022s][info][os,thread] Thread started (pthread id: 139649588868864, attributes: stacksize: 1024k, guardsize: 4k, detached). 
[0.022s][info][os,thread] Thread is alive (tid: 23733, pthread id: 139649588868864).
[0.036s][info][os,thread] Thread started (pthread id: 139649343289088, attributes: stacksize: 1024k, guardsize: 4k, detached). 
[0.036s][info][os,thread] Thread is alive (tid: 23734, pthread id: 139649343289088).
[0.042s][info][os,thread] Thread started (pthread id: 139649342236416, attributes: stacksize: 1024k, guardsize: 0k, detached). 
[0.043s][info][os,thread] Thread is alive (tid: 23735, pthread id: 139649342236416).
[0.043s][info][os,thread] Thread started (pthread id: 139649341183744, attributes: stacksize: 1024k, guardsize: 0k, detached). 
[0.043s][info][os,thread] Thread is alive (tid: 23736, pthread id: 139649341183744).
[0.055s][info][os,thread] Thread started (pthread id: 139649340131072, attributes: stacksize: 1024k, guardsize: 0k, detached). 
[0.055s][info][os,thread] Thread is alive (tid: 23737, pthread id: 139649340131072).
[0.055s][info][os,thread] Thread started (pthread id: 139649339078400, attributes: stacksize: 1024k, guardsize: 0k, detached). 
[0.055s][info][os,thread] Thread is alive (tid: 23738, pthread id: 139649339078400).
[0.055s][info][os,thread] Thread started (pthread id: 139649338025728, attributes: stacksize: 1024k, guardsize: 0k, detached). 
[0.059s][info][os,thread] Thread is alive (tid: 23739, pthread id: 139649338025728).
[0.060s][info][os,thread] Thread started (pthread id: 139649336973056, attributes: stacksize: 1024k, guardsize: 0k, detached). 
[0.060s][info][os,thread] Thread is alive (tid: 23740, pthread id: 139649336973056).
[0.116s][info][os,thread] Thread started (pthread id: 139649335920384, attributes: stacksize: 1024k, guardsize: 0k, detached). 
[0.119s][info][os,thread] Thread is alive (tid: 23741, pthread id: 139649335920384).
[0.128s][info][os,thread] Thread started (pthread id: 139649334867712, attributes: stacksize: 1024k, guardsize: 0k, detached). 
[0.128s][info][os,thread] Thread is alive (tid: 23742, pthread id: 139649334867712).
[0.129s][info][os,thread] Thread started (pthread id: 139649333815040, attributes: stacksize: 1024k, guardsize: 4k, detached). 
[0.129s][info][os,thread] Thread is alive (tid: 23743, pthread id: 139649333815040).
[1.323s][info][os,thread] Thread started (pthread id: 139649324209920, attributes: stacksize: 1024k, guardsize: 0k, detached). 
[1.323s][info][os,thread] Thread is alive (tid: 23744, pthread id: 139649324209920).
[2.895s][info][os,thread] JavaThread exiting (tid: 23744).
[2.896s][info][os,thread] Thread finished (tid: 23744, pthread id: 139649324209920).
[3.004s][info][os,thread] Thread started (pthread id: 139649324209920, attributes: stacksize: 1024k, guardsize: 0k, detached). 
[3.004s][info][os,thread] Thread is alive (tid: 23745, pthread id: 139649324209920).
[3.117s][info][os,thread] JavaThread exiting (tid: 23745).
[3.117s][info][os,thread] Thread finished (tid: 23745, pthread id: 139649324209920).
[5.956s][info][os,thread] Thread started (pthread id: 139649324209920, attributes: stacksize: 1024k, guardsize: 0k, detached). 
[5.956s][info][os,thread] Thread is alive (tid: 23746, pthread id: 139649324209920).
[5.956s][info][os,thread] Thread started (pthread id: 139648621848320, attributes: stacksize: 1024k, guardsize: 0k, detached). 
[5.957s][info][os,thread] Thread is alive (tid: 23747, pthread id: 139648621848320).
[6.277s][info][os,thread] Thread started (pthread id: 139648618698496, attributes: stacksize: 1024k, guardsize: 0k, detached). 
[6.282s][info][os,thread] Thread is alive (tid: 23748, pthread id: 139648618698496).
[6.713s][info][os,thread] Thread started (pthread id: 139648617645824, attributes: stacksize: 1024k, guardsize: 0k, detached). 
[6.721s][info][os,thread] Thread is alive (tid: 23749, pthread id: 139648617645824).
[6.722s][info][os,thread] Thread started (pthread id: 139648616593152, attributes: stacksize: 1024k, guardsize: 0k, detached). 
[6.722s][info][os,thread] Thread is alive (tid: 23750, pthread id: 139648616593152).
[6.758s][info][os,thread] Thread started (pthread id: 139648615540480, attributes: stacksize: 1024k, guardsize: 0k, detached). 
[6.758s][info][os,thread] Thread is alive (tid: 23751, pthread id: 139648615540480).
[6.758s][info][os,thread] Thread started (pthread id: 139648614487808, attributes: stacksize: 1024k, guardsize: 0k, detached). 
[6.758s][info][os,thread] Thread is alive (tid: 23752, pthread id: 139648614487808).
[7.013s][info][os,thread] Thread started (pthread id: 139648611337984, attributes: stacksize: 1024k, guardsize: 0k, detached). 
[7.013s][info][os,thread] Thread is alive (tid: 23753, pthread id: 139648611337984).
[7.044s][info][os,thread] Thread started (pthread id: 139648608184064, attributes: stacksize: 1024k, guardsize: 0k, detached). 
[7.052s][info][os,thread] Thread is alive (tid: 23754, pthread id: 139648608184064).
[7.052s][info][os,thread] Thread started (pthread id: 139648607131392, attributes: stacksize: 1024k, guardsize: 0k, detached). 
[7.053s][info][os,thread] Thread is alive (tid: 23755, pthread id: 139648607131392).
[7.053s][info][os,thread] Thread started (pthread id: 139648606078720, attributes: stacksize: 1024k, guardsize: 0k, detached). 
[7.057s][info][os,thread] Thread is alive (tid: 23756, pthread id: 139648606078720).
[7.061s][info][os,thread] Thread started (pthread id: 139648605026048, attributes: stacksize: 1024k, guardsize: 0k, detached). 
[7.063s][info][os,thread] Thread is alive (tid: 23758, pthread id: 139648605026048).
[7.307s][info][os,thread] Thread started (pthread id: 139648599430912, attributes: stacksize: 1024k, guardsize: 0k, detached). 
[7.307s][info][os,thread] Thread is alive (tid: 23759, pthread id: 139648599430912).
[7.308s][info][os,thread] Thread started (pthread id: 139648598378240, attributes: stacksize: 1024k, guardsize: 0k, detached). 
[7.314s][info][os,thread] Thread is alive (tid: 23760, pthread id: 139648598378240).
[10.047s][info][os,thread] Thread started (pthread id: 139648588936960, attributes: stacksize: 1024k, guardsize: 0k, detached). 
[10.047s][info][os,thread] Thread is alive (tid: 23762, pthread id: 139648588936960).
[10.047s][info][os,thread] Thread started (pthread id: 139648587884288, attributes: stacksize: 1024k, guardsize: 0k, detached). 
[10.047s][info][os,thread] Thread is alive (tid: 23763, pthread id: 139648587884288).
[10.047s][info][os,thread] Thread started (pthread id: 139648586831616, attributes: stacksize: 1024k, guardsize: 0k, detached). 
[10.047s][info][os,thread] Thread is alive (tid: 23764, pthread id: 139648586831616).
[10.096s][info][os,thread] JavaThread detaching (tid: 23724).
[10.097s][info][os,thread] Thread attached (tid: 23724, pthread id: 139650187884288).
[25.916s][info][os,thread] Thread started (pthread id: 139648585778944, attributes: stacksize: 1024k, guardsize: 0k, detached). 
[25.916s][info][os,thread] Thread is alive (tid: 23769, pthread id: 139648585778944).
[25.917s][info][os,thread] Thread started (pthread id: 139648584726272, attributes: stacksize: 1024k, guardsize: 0k, detached). 
[25.922s][info][os,thread] Thread is alive (tid: 23770, pthread id: 139648584726272).
[25.923s][info][os,thread] Thread started (pthread id: 139648583673600, attributes: stacksize: 1024k, guardsize: 0k, detached). 
[25.925s][info][os,thread] Thread is alive (tid: 23771, pthread id: 139648583673600).
[25.926s][info][os,thread] Thread started (pthread id: 139648582620928, attributes: stacksize: 1024k, guardsize: 0k, detached). 
[25.926s][info][os,thread] Thread is alive (tid: 23772, pthread id: 139648582620928).
[25.927s][info][os,thread] Thread started (pthread id: 139648581568256, attributes: stacksize: 1024k, guardsize: 0k, detached). 
[25.927s][info][os,thread] Thread is alive (tid: 23773, pthread id: 139648581568256).
[25.927s][info][os,thread] Thread started (pthread id: 139648512816896, attributes: stacksize: 1024k, guardsize: 0k, detached). 
[25.928s][info][os,thread] Thread is alive (tid: 23774, pthread id: 139648512816896).
[25.929s][info][os,thread] Thread started (pthread id: 139648511764224, attributes: stacksize: 1024k, guardsize: 0k, detached). 
[25.929s][info][os,thread] Thread is alive (tid: 23775, pthread id: 139648511764224).
[25.937s][info][os,thread] Thread started (pthread id: 139648510711552, attributes: stacksize: 1024k, guardsize: 0k, detached). 
[25.937s][info][os,thread] Thread is alive (tid: 23776, pthread id: 139648510711552).
[25.937s][info][os,thread] Thread started (pthread id: 139648509658880, attributes: stacksize: 1024k, guardsize: 0k, detached). 
[25.937s][info][os,thread] Thread is alive (tid: 23777, pthread id: 139648509658880).
[25.938s][info][os,thread] Thread started (pthread id: 139648508606208, attributes: stacksize: 1024k, guardsize: 0k, detached). 
[25.939s][info][os,thread] Thread is alive (tid: 23778, pthread id: 139648508606208).
[26.067s][info][os,thread] Thread started (pthread id: 139648505456384, attributes: stacksize: 1024k, guardsize: 0k, detached). 
[26.070s][info][os,thread] Thread is alive (tid: 23779, pthread id: 139648505456384).
[26.070s][info][os,thread] Thread started (pthread id: 139648504403712, attributes: stacksize: 1024k, guardsize: 0k, detached). 
[26.081s][info][os,thread] Thread is alive (tid: 23780, pthread id: 139648504403712).
[26.081s][info][os,thread] Thread started (pthread id: 139648503351040, attributes: stacksize: 1024k, guardsize: 0k, detached). 
[26.083s][info][os,thread] Thread is alive (tid: 23781, pthread id: 139648503351040).
[26.083s][info][os,thread] Thread started (pthread id: 139648502298368, attributes: stacksize: 1024k, guardsize: 0k, detached). 
[26.084s][info][os,thread] Thread is alive (tid: 23782, pthread id: 139648502298368).
[26.084s][info][os,thread] Thread started (pthread id: 139648501245696, attributes: stacksize: 1024k, guardsize: 0k, detached). 
[26.084s][info][os,thread] Thread is alive (tid: 23783, pthread id: 139648501245696).
[26.084s][info][os,thread] Thread started (pthread id: 139648500193024, attributes: stacksize: 1024k, guardsize: 0k, detached). 
[26.084s][info][os,thread] Thread is alive (tid: 23784, pthread id: 139648500193024).
[26.085s][info][os,thread] Thread started (pthread id: 139648499140352, attributes: stacksize: 1024k, guardsize: 0k, detached). 
[26.085s][info][os,thread] Thread is alive (tid: 23785, pthread id: 139648499140352).
[26.085s][info][os,thread] Thread started (pthread id: 139648498087680, attributes: stacksize: 1024k, guardsize: 0k, detached). 
[26.085s][info][os,thread] Thread is alive (tid: 23786, pthread id: 139648498087680).
[26.085s][info][os,thread] Thread started (pthread id: 139648497035008, attributes: stacksize: 1024k, guardsize: 0k, detached). 
[26.085s][info][os,thread] Thread is alive (tid: 23787, pthread id: 139648497035008).
[26.086s][info][os,thread] Thread started (pthread id: 139648495982336, attributes: stacksize: 1024k, guardsize: 0k, detached). 
[26.086s][info][os,thread] Thread is alive (tid: 23788, pthread id: 139648495982336).
[26.087s][info][os,thread] Thread started (pthread id: 139648494929664, attributes: stacksize: 1024k, guardsize: 0k, detached). 
[26.087s][info][os,thread] Thread is alive (tid: 23789, pthread id: 139648494929664).
[26.088s][info][os,thread] Thread started (pthread id: 139648493876992, attributes: stacksize: 1024k, guardsize: 0k, detached). 
[26.088s][info][os,thread] Thread is alive (tid: 23790, pthread id: 139648493876992).
[26.090s][info][os,thread] Thread started (pthread id: 139648492824320, attributes: stacksize: 1024k, guardsize: 0k, detached). 
[26.090s][info][os,thread] Thread is alive (tid: 23791, pthread id: 139648492824320).
[26.091s][info][os,thread] Thread started (pthread id: 139648491771648, attributes: stacksize: 1024k, guardsize: 0k, detached). 
[26.097s][info][os,thread] Thread is alive (tid: 23792, pthread id: 139648491771648).
[26.097s][info][os,thread] Thread started (pthread id: 139648490718976, attributes: stacksize: 1024k, guardsize: 0k, detached). 
[26.097s][info][os,thread] Thread is alive (tid: 23793, pthread id: 139648490718976).
[26.097s][info][os,thread] Thread started (pthread id: 139648489666304, attributes: stacksize: 1024k, guardsize: 0k, detached). 
[26.097s][info][os,thread] Thread is alive (tid: 23794, pthread id: 139648489666304).
[26.098s][info][os,thread] Thread started (pthread id: 139648488613632, attributes: stacksize: 1024k, guardsize: 0k, detached). 
[26.098s][info][os,thread] Thread is alive (tid: 23795, pthread id: 139648488613632).
[26.098s][info][os,thread] Thread started (pthread id: 139648487560960, attributes: stacksize: 1024k, guardsize: 0k, detached). 
[26.098s][info][os,thread] Thread is alive (tid: 23796, pthread id: 139648487560960).
[26.098s][info][os,thread] Thread started (pthread id: 139648486508288, attributes: stacksize: 1024k, guardsize: 0k, detached). 
[26.098s][info][os,thread] Thread is alive (tid: 23797, pthread id: 139648486508288).
[26.098s][info][os,thread] Thread started (pthread id: 139648485455616, attributes: stacksize: 1024k, guardsize: 0k, detached). 
[26.098s][info][os,thread] Thread is alive (tid: 23798, pthread id: 139648485455616).
[26.098s][info][os,thread] Thread started (pthread id: 139648484402944, attributes: stacksize: 1024k, guardsize: 0k, detached). 
[26.099s][info][os,thread] Thread is alive (tid: 23799, pthread id: 139648484402944).
[26.099s][info][os,thread] Thread started (pthread id: 139648483350272, attributes: stacksize: 1024k, guardsize: 0k, detached). 
[26.099s][info][os,thread] Thread is alive (tid: 23800, pthread id: 139648483350272).
[26.099s][info][os,thread] Thread started (pthread id: 139648482297600, attributes: stacksize: 1024k, guardsize: 0k, detached). 
[26.100s][info][os,thread] Thread is alive (tid: 23801, pthread id: 139648482297600).
[26.100s][info][os,thread] Thread started (pthread id: 139648481244928, attributes: stacksize: 1024k, guardsize: 0k, detached). 
[26.100s][info][os,thread] Thread is alive (tid: 23802, pthread id: 139648481244928).
[26.100s][info][os,thread] Thread started (pthread id: 139648480192256, attributes: stacksize: 1024k, guardsize: 0k, detached). 
[26.100s][info][os,thread] Thread is alive (tid: 23803, pthread id: 139648480192256).
[26.101s][info][os,thread] Thread started (pthread id: 139648479139584, attributes: stacksize: 1024k, guardsize: 0k, detached). 
[26.101s][info][os,thread] Thread is alive (tid: 23804, pthread id: 139648479139584).
[26.101s][info][os,thread] Thread started (pthread id: 139648478086912, attributes: stacksize: 1024k, guardsize: 0k, detached). 
[26.101s][info][os,thread] Thread is alive (tid: 23805, pthread id: 139648478086912).
[26.101s][info][os,thread] Thread started (pthread id: 139648477034240, attributes: stacksize: 1024k, guardsize: 0k, detached). 
[26.101s][info][os,thread] Thread is alive (tid: 23806, pthread id: 139648477034240).
[26.102s][info][os,thread] Thread started (pthread id: 139648475981568, attributes: stacksize: 1024k, guardsize: 0k, detached). 
[26.103s][info][os,thread] Thread is alive (tid: 23807, pthread id: 139648475981568).
[26.103s][info][os,thread] Thread started (pthread id: 139648474928896, attributes: stacksize: 1024k, guardsize: 0k, detached). 
[26.103s][info][os,thread] Thread is alive (tid: 23808, pthread id: 139648474928896).
[26.367s][info][os,thread] Thread started (pthread id: 139648473876224, attributes: stacksize: 1024k, guardsize: 0k, detached). 
[26.375s][info][os,thread] Thread is alive (tid: 23809, pthread id: 139648473876224).
[26.382s][info][os,thread] Thread started (pthread id: 139648472823552, attributes: stacksize: 1024k, guardsize: 0k, detached). 
[26.382s][info][os,thread] Thread is alive (tid: 23810, pthread id: 139648472823552).
[26.583s][info][os,thread] Thread started (pthread id: 139648469673728, attributes: stacksize: 1024k, guardsize: 0k, detached). 
[26.583s][info][os,thread] Thread is alive (tid: 23821, pthread id: 139648469673728).
[26.586s][info][os,thread] Thread started (pthread id: 139648468621056, attributes: stacksize: 1024k, guardsize: 0k, detached). 
[26.587s][info][os,thread] Thread is alive (tid: 23822, pthread id: 139648468621056).
[26.589s][info][os,thread] Thread started (pthread id: 139648467568384, attributes: stacksize: 1024k, guardsize: 0k, detached). 
[26.590s][info][os,thread] Thread is alive (tid: 23823, pthread id: 139648467568384).
[26.591s][info][os,thread] Thread started (pthread id: 139648466515712, attributes: stacksize: 1024k, guardsize: 0k, detached). 
[26.593s][info][os,thread] Thread is alive (tid: 23824, pthread id: 139648466515712).
[26.595s][info][os,thread] Thread started (pthread id: 139648465463040, attributes: stacksize: 1024k, guardsize: 0k, detached). 
[26.598s][info][os,thread] Thread is alive (tid: 23825, pthread id: 139648465463040).
[26.598s][info][os,thread] Thread started (pthread id: 139648464410368, attributes: stacksize: 1024k, guardsize: 0k, detached). 
[26.600s][info][os,thread] Thread is alive (tid: 23826, pthread id: 139648464410368).
[26.699s][info][os,thread] Thread started (pthread id: 139648463357696, attributes: stacksize: 1024k, guardsize: 0k, detached). 
[26.725s][info][os,thread] Thread is alive (tid: 23827, pthread id: 139648463357696).
[26.726s][info][os,thread] Thread started (pthread id: 139648462305024, attributes: stacksize: 1024k, guardsize: 0k, detached). 
[26.728s][info][os,thread] Thread is alive (tid: 23828, pthread id: 139648462305024).
[26.729s][info][os,thread] Thread started (pthread id: 139648461252352, attributes: stacksize: 1024k, guardsize: 0k, detached). 
[26.733s][info][os,thread] Thread is alive (tid: 23829, pthread id: 139648461252352).
[26.734s][info][os,thread] Thread started (pthread id: 139648460199680, attributes: stacksize: 1024k, guardsize: 0k, detached). 
[26.737s][info][os,thread] Thread is alive (tid: 23830, pthread id: 139648460199680).
[26.738s][info][os,thread] Thread started (pthread id: 139648459147008, attributes: stacksize: 1024k, guardsize: 0k, detached). 
[26.739s][info][os,thread] Thread is alive (tid: 23831, pthread id: 139648459147008).
[26.739s][info][os,thread] Thread started (pthread id: 139648458094336, attributes: stacksize: 1024k, guardsize: 0k, detached). 
[26.740s][info][os,thread] Thread is alive (tid: 23832, pthread id: 139648458094336).
[26.740s][info][os,thread] Thread started (pthread id: 139648457041664, attributes: stacksize: 1024k, guardsize: 0k, detached). 
[26.741s][info][os,thread] Thread is alive (tid: 23833, pthread id: 139648457041664).
[26.741s][info][os,thread] Thread started (pthread id: 139648455988992, attributes: stacksize: 1024k, guardsize: 0k, detached). 
[26.742s][info][os,thread] Thread is alive (tid: 23834, pthread id: 139648455988992).
[26.743s][info][os,thread] Thread started (pthread id: 139648454936320, attributes: stacksize: 1024k, guardsize: 0k, detached). 
[26.743s][info][os,thread] Thread is alive (tid: 23835, pthread id: 139648454936320).
[26.743s][info][os,thread] Thread started (pthread id: 139648453883648, attributes: stacksize: 1024k, guardsize: 0k, detached). 
[26.744s][info][os,thread] Thread is alive (tid: 23836, pthread id: 139648453883648).
[26.745s][info][os,thread] Thread started (pthread id: 139648452830976, attributes: stacksize: 1024k, guardsize: 0k, detached). 
[26.750s][info][os,thread] Thread is alive (tid: 23837, pthread id: 139648452830976).
[26.751s][info][os,thread] Thread started (pthread id: 139648451778304, attributes: stacksize: 1024k, guardsize: 0k, detached). 
[26.751s][info][os,thread] Thread is alive (tid: 23838, pthread id: 139648451778304).
[26.752s][info][os,thread] Thread started (pthread id: 139648450725632, attributes: stacksize: 1024k, guardsize: 0k, detached). 
[26.752s][info][os,thread] Thread is alive (tid: 23839, pthread id: 139648450725632).
[26.752s][info][os,thread] Thread started (pthread id: 139648449672960, attributes: stacksize: 1024k, guardsize: 0k, detached). 
[26.754s][info][os,thread] Thread is alive (tid: 23840, pthread id: 139648449672960).
[26.755s][info][os,thread] Thread started (pthread id: 139648448620288, attributes: stacksize: 1024k, guardsize: 0k, detached). 
[26.756s][info][os,thread] Thread is alive (tid: 23841, pthread id: 139648448620288).
[26.758s][info][os,thread] Thread started (pthread id: 139648447567616, attributes: stacksize: 1024k, guardsize: 0k, detached). 
[26.758s][info][os,thread] Thread is alive (tid: 23842, pthread id: 139648447567616).
[26.759s][info][os,thread] Thread started (pthread id: 139648446514944, attributes: stacksize: 1024k, guardsize: 0k, detached). 
[26.762s][info][os,thread] Thread is alive (tid: 23843, pthread id: 139648446514944).
[26.762s][info][os,thread] Thread started (pthread id: 139648445462272, attributes: stacksize: 1024k, guardsize: 0k, detached). 
[26.763s][info][os,thread] Thread is alive (tid: 23844, pthread id: 139648445462272).
[26.763s][info][os,thread] Thread started (pthread id: 139648444409600, attributes: stacksize: 1024k, guardsize: 0k, detached). 
[26.764s][info][os,thread] Thread is alive (tid: 23845, pthread id: 139648444409600).
[26.764s][info][os,thread] Thread started (pthread id: 139648443356928, attributes: stacksize: 1024k, guardsize: 0k, detached). 
[26.765s][info][os,thread] Thread is alive (tid: 23846, pthread id: 139648443356928).
[26.765s][info][os,thread] Thread started (pthread id: 139648442304256, attributes: stacksize: 1024k, guardsize: 0k, detached). 
[26.768s][info][os,thread] Thread is alive (tid: 23847, pthread id: 139648442304256).
[26.768s][info][os,thread] Thread started (pthread id: 139648441251584, attributes: stacksize: 1024k, guardsize: 0k, detached). 
[26.773s][info][os,thread] Thread is alive (tid: 23848, pthread id: 139648441251584).
[26.775s][info][os,thread] Thread started (pthread id: 139648440198912, attributes: stacksize: 1024k, guardsize: 0k, detached). 
[26.780s][info][os,thread] Thread is alive (tid: 23849, pthread id: 139648440198912).
[26.780s][info][os,thread] Thread started (pthread id: 139648439146240, attributes: stacksize: 1024k, guardsize: 0k, detached). 
[26.783s][info][os,thread] Thread is alive (tid: 23850, pthread id: 139648439146240).
[26.784s][info][os,thread] Thread started (pthread id: 139648438093568, attributes: stacksize: 1024k, guardsize: 0k, detached). 
[26.786s][info][os,thread] Thread is alive (tid: 23851, pthread id: 139648438093568).
[26.787s][info][os,thread] Thread started (pthread id: 139648437040896, attributes: stacksize: 1024k, guardsize: 0k, detached). 
[26.792s][info][os,thread] Thread is alive (tid: 23852, pthread id: 139648437040896).
[26.792s][info][os,thread] Thread started (pthread id: 139648435988224, attributes: stacksize: 1024k, guardsize: 0k, detached). 
[26.799s][info][os,thread] Thread is alive (tid: 23853, pthread id: 139648435988224).
[26.802s][info][os,thread] Thread started (pthread id: 139648434935552, attributes: stacksize: 1024k, guardsize: 0k, detached). 
[26.807s][info][os,thread] Thread is alive (tid: 23854, pthread id: 139648434935552).
[26.809s][info][os,thread] Thread started (pthread id: 139648433882880, attributes: stacksize: 1024k, guardsize: 0k, detached). 
[26.809s][info][os,thread] Thread is alive (tid: 23855, pthread id: 139648433882880).
[26.820s][info][os,thread] Thread started (pthread id: 139648432830208, attributes: stacksize: 1024k, guardsize: 0k, detached). 
[26.851s][info][os,thread] Thread is alive (tid: 23856, pthread id: 139648432830208).
[126.737s][info][os,thread] Thread started (pthread id: 139648427583232, attributes: stacksize: 1024k, guardsize: 0k, detached). 
[126.737s][info][os,thread] Thread is alive (tid: 23895, pthread id: 139648427583232).
[273.608s][info][os,thread] Thread started (pthread id: 139648426530560, attributes: stacksize: 1024k, guardsize: 0k, detached). 
[273.608s][info][os,thread] Thread is alive (tid: 23916, pthread id: 139648426530560).
[273.612s][info][os,thread] Thread started (pthread id: 139648425477888, attributes: stacksize: 1024k, guardsize: 0k, detached). 
[273.615s][info][os,thread] Thread is alive (tid: 23917, pthread id: 139648425477888).
[273.615s][info][os,thread] Thread started (pthread id: 139648424425216, attributes: stacksize: 1024k, guardsize: 0k, detached). 
[273.617s][info][os,thread] Thread is alive (tid: 23918, pthread id: 139648424425216).
[273.626s][info][os,thread] JavaThread exiting (tid: 23918).
[273.626s][info][os,thread] Thread finished (tid: 23918, pthread id: 139648424425216).
[273.636s][info][os,thread] JavaThread exiting (tid: 23802).
[273.636s][info][os,thread] Thread finished (tid: 23802, pthread id: 139648481244928).
[273.636s][info][os,thread] JavaThread exiting (tid: 23806).
[273.637s][info][os,thread] Thread finished (tid: 23806, pthread id: 139648477034240).
[273.638s][info][os,thread] JavaThread exiting (tid: 23789).
[273.638s][info][os,thread] Thread finished (tid: 23789, pthread id: 139648494929664).
[273.638s][info][os,thread] JavaThread exiting (tid: 23794).
[273.638s][info][os,thread] Thread finished (tid: 23794, pthread id: 139648489666304).
[273.639s][info][os,thread] JavaThread exiting (tid: 23843).
[273.639s][info][os,thread] Thread finished (tid: 23843, pthread id: 139648446514944).
[273.639s][info][os,thread] JavaThread exiting (tid: 23847).
[273.639s][info][os,thread] Thread finished (tid: 23847, pthread id: 139648442304256).
[273.639s][info][os,thread] JavaThread exiting (tid: 23804).
[273.639s][info][os,thread] Thread finished (tid: 23804, pthread id: 139648479139584).
[273.648s][info][os,thread] JavaThread exiting (tid: 23852).
[273.648s][info][os,thread] JavaThread exiting (tid: 23796).
[273.649s][info][os,thread] JavaThread exiting (tid: 23849).
[273.649s][info][os,thread] JavaThread exiting (tid: 23791).
[273.649s][info][os,thread] JavaThread exiting (tid: 23800).
[273.650s][info][os,thread] JavaThread exiting (tid: 23840).
[273.650s][info][os,thread] Thread finished (tid: 23840, pthread id: 139648449672960).
[273.651s][info][os,thread] JavaThread exiting (tid: 23797).
[273.651s][info][os,thread] Thread finished (tid: 23797, pthread id: 139648486508288).
[273.652s][info][os,thread] JavaThread exiting (tid: 23845).
[273.652s][info][os,thread] JavaThread exiting (tid: 23844).
[273.652s][info][os,thread] Thread finished (tid: 23845, pthread id: 139648444409600).
[273.652s][info][os,thread] Thread finished (tid: 23844, pthread id: 139648445462272).
[273.652s][info][os,thread] JavaThread exiting (tid: 23798).
[273.652s][info][os,thread] Thread finished (tid: 23798, pthread id: 139648485455616).
[273.652s][info][os,thread] JavaThread exiting (tid: 23842).
[273.652s][info][os,thread] Thread finished (tid: 23842, pthread id: 139648447567616).
[273.652s][info][os,thread] JavaThread exiting (tid: 23792).
[273.652s][info][os,thread] Thread finished (tid: 23792, pthread id: 139648491771648).
[273.652s][info][os,thread] JavaThread exiting (tid: 23835).
[273.652s][info][os,thread] JavaThread exiting (tid: 23850).
[273.652s][info][os,thread] Thread finished (tid: 23850, pthread id: 139648439146240).
[273.652s][info][os,thread] JavaThread exiting (tid: 23793).
[273.652s][info][os,thread] JavaThread exiting (tid: 23839).
[273.652s][info][os,thread] Thread finished (tid: 23793, pthread id: 139648490718976).
[273.652s][info][os,thread] Thread finished (tid: 23839, pthread id: 139648450725632).
[273.652s][info][os,thread] JavaThread exiting (tid: 23841).
[273.652s][info][os,thread] Thread finished (tid: 23841, pthread id: 139648448620288).
[273.652s][info][os,thread] JavaThread exiting (tid: 23795).
[273.652s][info][os,thread] Thread finished (tid: 23795, pthread id: 139648488613632).
[273.653s][info][os,thread] Thread finished (tid: 23852, pthread id: 139648437040896).
[273.653s][info][os,thread] Thread finished (tid: 23849, pthread id: 139648440198912).
[273.653s][info][os,thread] Thread finished (tid: 23791, pthread id: 139648492824320).
[273.653s][info][os,thread] Thread finished (tid: 23800, pthread id: 139648483350272).
[273.653s][info][os,thread] Thread finished (tid: 23796, pthread id: 139648487560960).
[273.652s][info][os,thread] Thread finished (tid: 23835, pthread id: 139648454936320).
[273.653s][info][os,thread] JavaThread exiting (tid: 23799).
[273.653s][info][os,thread] JavaThread exiting (tid: 23803).
[273.653s][info][os,thread] Thread finished (tid: 23799, pthread id: 139648484402944).
[273.653s][info][os,thread] Thread finished (tid: 23803, pthread id: 139648480192256).
[273.653s][info][os,thread] JavaThread exiting (tid: 23790).
[273.653s][info][os,thread] Thread finished (tid: 23790, pthread id: 139648493876992).
[273.653s][info][os,thread] JavaThread exiting (tid: 23807).
[273.653s][info][os,thread] Thread finished (tid: 23807, pthread id: 139648475981568).
[273.653s][info][os,thread] JavaThread exiting (tid: 23851).
[273.653s][info][os,thread] Thread finished (tid: 23851, pthread id: 139648438093568).
[273.654s][info][os,thread] JavaThread exiting (tid: 23801).
[273.654s][info][os,thread] Thread finished (tid: 23801, pthread id: 139648482297600).
[273.654s][info][os,thread] JavaThread exiting (tid: 23853).
[273.654s][info][os,thread] Thread finished (tid: 23853, pthread id: 139648435988224).
[273.654s][info][os,thread] JavaThread exiting (tid: 23836).
[273.654s][info][os,thread] Thread finished (tid: 23836, pthread id: 139648453883648).
[273.654s][info][os,thread] JavaThread exiting (tid: 23848).
[273.654s][info][os,thread] Thread finished (tid: 23848, pthread id: 139648441251584).
[273.654s][info][os,thread] JavaThread exiting (tid: 23856).
[273.654s][info][os,thread] Thread finished (tid: 23856, pthread id: 139648432830208).
[273.654s][info][os,thread] JavaThread exiting (tid: 23846).
[273.654s][info][os,thread] Thread finished (tid: 23846, pthread id: 139648443356928).
[273.654s][info][os,thread] JavaThread exiting (tid: 23808).
[273.654s][info][os,thread] Thread finished (tid: 23808, pthread id: 139648474928896).
[273.654s][info][os,thread] JavaThread exiting (tid: 23854).
[273.655s][info][os,thread] JavaThread exiting (tid: 23831).
[273.655s][info][os,thread] JavaThread exiting (tid: 23837).
[273.655s][info][os,thread] JavaThread exiting (tid: 23827).
[273.655s][info][os,thread] JavaThread exiting (tid: 23779).
[273.656s][info][os,thread] JavaThread exiting (tid: 23834).
[273.656s][info][os,thread] JavaThread exiting (tid: 23805).
[273.656s][info][os,thread] JavaThread exiting (tid: 23833).
[273.656s][info][os,thread] JavaThread exiting (tid: 23782).
[273.656s][info][os,thread] JavaThread exiting (tid: 23781).
[273.656s][info][os,thread] JavaThread exiting (tid: 23855).
[273.656s][info][os,thread] Thread finished (tid: 23854, pthread id: 139648434935552).
[273.656s][info][os,thread] Thread finished (tid: 23855, pthread id: 139648433882880).
[273.657s][info][os,thread] Thread finished (tid: 23781, pthread id: 139648503351040).
[273.657s][info][os,thread] Thread finished (tid: 23782, pthread id: 139648502298368).
[273.657s][info][os,thread] Thread finished (tid: 23833, pthread id: 139648457041664).
[273.657s][info][os,thread] Thread finished (tid: 23805, pthread id: 139648478086912).
[273.657s][info][os,thread] Thread finished (tid: 23834, pthread id: 139648455988992).
[273.657s][info][os,thread] JavaThread exiting (tid: 23838).
[273.657s][info][os,thread] Thread finished (tid: 23838, pthread id: 139648451778304).
[273.657s][info][os,thread] JavaThread exiting (tid: 23780).
[273.657s][info][os,thread] Thread finished (tid: 23780, pthread id: 139648504403712).
[273.657s][info][os,thread] JavaThread exiting (tid: 23788).
[273.657s][info][os,thread] Thread finished (tid: 23788, pthread id: 139648495982336).
[273.657s][info][os,thread] JavaThread exiting (tid: 23786).
[273.657s][info][os,thread] Thread finished (tid: 23786, pthread id: 139648498087680).
[273.657s][info][os,thread] Thread finished (tid: 23779, pthread id: 139648505456384).
[273.657s][info][os,thread] JavaThread exiting (tid: 23830).
[273.657s][info][os,thread] JavaThread exiting (tid: 23829).
[273.658s][info][os,thread] JavaThread exiting (tid: 23783).
[273.658s][info][os,thread] JavaThread exiting (tid: 23785).
[273.658s][info][os,thread] JavaThread exiting (tid: 23784).
[273.658s][info][os,thread] JavaThread exiting (tid: 23787).
[273.658s][info][os,thread] JavaThread exiting (tid: 23832).
[273.658s][info][os,thread] JavaThread exiting (tid: 23828).
[273.658s][info][os,thread] Thread finished (tid: 23827, pthread id: 139648463357696).
[273.658s][info][os,thread] Thread finished (tid: 23837, pthread id: 139648452830976).
[273.658s][info][os,thread] Thread finished (tid: 23831, pthread id: 139648459147008).
[273.658s][info][os,thread] Thread finished (tid: 23828, pthread id: 139648462305024).
[273.658s][info][os,thread] Thread finished (tid: 23832, pthread id: 139648458094336).
[273.658s][info][os,thread] Thread finished (tid: 23787, pthread id: 139648497035008).
[273.658s][info][os,thread] Thread finished (tid: 23784, pthread id: 139648500193024).
[273.658s][info][os,thread] Thread finished (tid: 23785, pthread id: 139648499140352).
[273.658s][info][os,thread] Thread finished (tid: 23783, pthread id: 139648501245696).
[273.659s][info][os,thread] Thread finished (tid: 23829, pthread id: 139648461252352).
[273.659s][info][os,thread] Thread finished (tid: 23830, pthread id: 139648460199680).
[273.664s][info][os,thread] Thread started (pthread id: 139648501245696, attributes: stacksize: 1024k, guardsize: 0k, detached). 
[273.670s][info][os,thread] Thread is alive (tid: 23919, pthread id: 139648501245696).
[273.696s][info][os,thread] JavaThread exiting (tid: 23759).
[273.696s][info][os,thread] Thread finished (tid: 23759, pthread id: 139648599430912).
[273.698s][info][os,thread] JavaThread exiting (tid: 23760).
[273.698s][info][os,thread] Thread finished (tid: 23760, pthread id: 139648598378240).
[273.698s][info][os,thread] JavaThread exiting (tid: 23753).
[273.699s][info][os,thread] Thread finished (tid: 23753, pthread id: 139648611337984).
[273.711s][info][os,thread] JavaThread exiting (tid: 23809).
[273.712s][info][os,thread] Thread finished (tid: 23809, pthread id: 139648473876224).
[273.713s][info][os,thread] JavaThread exiting (tid: 23810).
[273.713s][info][os,thread] Thread finished (tid: 23810, pthread id: 139648472823552).
[273.713s][info][os,thread] JavaThread exiting (tid: 23751).
[273.713s][info][os,thread] Thread finished (tid: 23751, pthread id: 139648615540480).
[273.714s][info][os,thread] JavaThread exiting (tid: 23752).
[273.714s][info][os,thread] Thread finished (tid: 23752, pthread id: 139648614487808).
[273.727s][info][os,thread] JavaThread exiting (tid: 23748).
[273.728s][info][os,thread] Thread finished (tid: 23748, pthread id: 139648618698496).
[273.728s][info][os,thread] JavaThread exiting (tid: 23749).
[273.728s][info][os,thread] Thread finished (tid: 23749, pthread id: 139648617645824).
[273.728s][info][os,thread] JavaThread exiting (tid: 23750).
[273.728s][info][os,thread] Thread finished (tid: 23750, pthread id: 139648616593152).
[273.732s][info][os,thread] JavaThread exiting (tid: 23764).
[273.732s][info][os,thread] JavaThread exiting (tid: 23762).
[273.732s][info][os,thread] Thread finished (tid: 23764, pthread id: 139648586831616).
[273.732s][info][os,thread] Thread finished (tid: 23762, pthread id: 139648588936960).
[273.732s][info][os,thread] JavaThread exiting (tid: 23774).
[273.732s][info][os,thread] Thread finished (tid: 23774, pthread id: 139648512816896).
[273.733s][info][os,thread] JavaThread exiting (tid: 23821).
[273.733s][info][os,thread] Thread finished (tid: 23821, pthread id: 139648469673728).
[273.733s][info][os,thread] JavaThread exiting (tid: 23771).
[273.733s][info][os,thread] Thread finished (tid: 23771, pthread id: 139648583673600).
[273.733s][info][os,thread] JavaThread exiting (tid: 23770).
[273.733s][info][os,thread] JavaThread exiting (tid: 23822).
[273.733s][info][os,thread] Thread finished (tid: 23770, pthread id: 139648584726272).
[273.733s][info][os,thread] Thread finished (tid: 23822, pthread id: 139648468621056).
[273.733s][info][os,thread] JavaThread exiting (tid: 23773).
[273.733s][info][os,thread] Thread finished (tid: 23773, pthread id: 139648581568256).
[273.733s][info][os,thread] JavaThread exiting (tid: 23775).
[273.733s][info][os,thread] Thread finished (tid: 23775, pthread id: 139648511764224).
[273.733s][info][os,thread] JavaThread exiting (tid: 23778).
[273.733s][info][os,thread] Thread finished (tid: 23778, pthread id: 139648508606208).
[273.733s][info][os,thread] JavaThread exiting (tid: 23824).
[273.733s][info][os,thread] Thread finished (tid: 23824, pthread id: 139648466515712).
[273.733s][info][os,thread] JavaThread exiting (tid: 23777).
[273.734s][info][os,thread] Thread finished (tid: 23777, pthread id: 139648509658880).
[273.734s][info][os,thread] JavaThread exiting (tid: 23826).
[273.734s][info][os,thread] JavaThread exiting (tid: 23917).
[273.734s][info][os,thread] JavaThread exiting (tid: 23825).
[273.734s][info][os,thread] JavaThread exiting (tid: 23769).
[273.732s][info][os,thread] JavaThread exiting (tid: 23763).
[273.735s][info][os,thread] JavaThread exiting (tid: 23823).
[273.735s][info][os,thread] JavaThread exiting (tid: 23776).
[273.736s][info][os,thread] JavaThread exiting (tid: 23772).
[273.736s][info][os,thread] Thread finished (tid: 23826, pthread id: 139648464410368).
[273.736s][info][os,thread] Thread finished (tid: 23743, pthread id: 139649333815040).
[273.736s][info][os,thread] Thread finished (tid: 23772, pthread id: 139648582620928).
[273.736s][info][os,thread] Thread finished (tid: 23776, pthread id: 139648510711552).
[273.736s][info][os,thread] Thread finished (tid: 23823, pthread id: 139648467568384).
[273.736s][info][os,thread] Thread finished (tid: 23763, pthread id: 139648587884288).
[273.736s][info][os,thread] Thread finished (tid: 23769, pthread id: 139648585778944).
[273.736s][info][os,thread] Thread finished (tid: 23825, pthread id: 139648465463040).
[273.736s][info][os,thread] Thread finished (tid: 23917, pthread id: 139648425477888).
[273.736s][info][os,thread] Thread finished (tid: 23731, pthread id: 139649590974208).
[273.737s][info][os,thread] Thread finished (tid: 23732, pthread id: 139649589921536).
[273.737s][info][os,thread] Thread finished (tid: 23733, pthread id: 139649588868864).
[273.737s][info][os,thread] Thread finished (tid: 23729, pthread id: 139649595184896).
[273.737s][info][os,thread] JavaThread exiting (tid: 23737).
